17:34:05.938 [main] INFO  testCases.TC2_LoginTest - *****Starting TC2_LoginTest ****** 
17:34:07.347 [main] INFO  testCases.TC2_LoginTest - *****Finished TC2_LoginTest ****** 
17:43:05.811 [main] INFO  org.testng.internal.Utils - [TestNG] Running:
  D:\test-output\testng-failed.xml

17:43:08.900 [main] INFO  testCases.TC2_LoginTest - *****Starting TC2_LoginTest ****** 
17:43:10.865 [main] INFO  testCases.TC2_LoginTest - *****Finished TC2_LoginTest ****** 
17:43:13.307 [main] INFO  testCases.TC1_AccountRegistrationTest - ****Starting TC1_AccountRegistrationTest****
17:43:13.412 [main] INFO  testCases.TC1_AccountRegistrationTest - Clicked on My Account...
17:43:13.837 [main] INFO  testCases.TC1_AccountRegistrationTest - Clicked on Register page...
17:43:13.839 [main] INFO  testCases.TC1_AccountRegistrationTest - Providing Customer Details...
17:43:15.482 [main] INFO  testCases.TC1_AccountRegistrationTest - Validating expected Message
17:43:15.522 [main] INFO  testCases.TC1_AccountRegistrationTest - ****Finished TC1_AccountRegistrationTest****
17:47:01.663 [main] INFO  org.testng.internal.Utils - [TestNG] Running:
  D:\master.xml

17:47:06.217 [main] INFO  testCases.TC1_AccountRegistrationTest - ****Starting TC1_AccountRegistrationTest****
17:47:06.338 [main] INFO  testCases.TC1_AccountRegistrationTest - Clicked on My Account...
17:47:06.788 [main] INFO  testCases.TC1_AccountRegistrationTest - Clicked on Register page...
17:47:06.790 [main] INFO  testCases.TC1_AccountRegistrationTest - Providing Customer Details...
17:47:08.533 [main] INFO  testCases.TC1_AccountRegistrationTest - Validating expected Message
17:47:08.573 [main] INFO  testCases.TC1_AccountRegistrationTest - ****Finished TC1_AccountRegistrationTest****
17:47:10.842 [main] INFO  testCases.TC2_LoginTest - *****Starting TC2_LoginTest ****** 
17:47:12.361 [main] INFO  testCases.TC2_LoginTest - *****Finished TC2_LoginTest ****** 
17:54:26.243 [main] INFO  org.testng.internal.Utils - [TestNG] Running:
  D:\master.xml

17:54:29.436 [main] INFO  testCases.TC1_AccountRegistrationTest - ****Starting TC1_AccountRegistrationTest****
17:54:29.554 [main] INFO  testCases.TC1_AccountRegistrationTest - Clicked on My Account...
17:54:29.962 [main] INFO  testCases.TC1_AccountRegistrationTest - Clicked on Register page...
17:54:29.964 [main] INFO  testCases.TC1_AccountRegistrationTest - Providing Customer Details...
17:54:31.841 [main] INFO  testCases.TC1_AccountRegistrationTest - Validating expected Message
17:54:31.883 [main] INFO  testCases.TC1_AccountRegistrationTest - ****Finished TC1_AccountRegistrationTest****
17:54:34.483 [main] INFO  testCases.TC2_LoginTest - *****Starting TC2_LoginTest ****** 
17:54:35.925 [main] INFO  testCases.TC2_LoginTest - *****Finished TC2_LoginTest ****** 
09:57:03.533 [main] INFO  org.testng.internal.Utils - [TestNG] Running:
  D:\master.xml

10:05:53.556 [main] INFO  org.testng.internal.Utils - [TestNG] Running:
  D:\master.xml

10:05:59.365 [main] INFO  testCases.TC1_AccountRegistrationTest - ****Starting TC1_AccountRegistrationTest****
10:05:59.528 [main] INFO  testCases.TC1_AccountRegistrationTest - Clicked on My Account...
10:05:59.972 [main] INFO  testCases.TC1_AccountRegistrationTest - Clicked on Register page...
10:05:59.989 [main] INFO  testCases.TC1_AccountRegistrationTest - Providing Customer Details...
10:06:02.572 [main] INFO  testCases.TC1_AccountRegistrationTest - Validating expected Message
10:06:02.625 [main] INFO  testCases.TC1_AccountRegistrationTest - ****Finished TC1_AccountRegistrationTest****
10:06:05.484 [main] INFO  testCases.TC2_LoginTest - *****Starting TC2_LoginTest ****** 
10:06:06.920 [main] INFO  testCases.TC2_LoginTest - *****Finished TC2_LoginTest ****** 
10:06:30.659 [main] INFO  org.testng.internal.Utils - [TestNG] Running:
  D:\master.xml

10:06:33.749 [main] INFO  testCases.TC1_AccountRegistrationTest - ****Starting TC1_AccountRegistrationTest****
10:06:33.877 [main] INFO  testCases.TC1_AccountRegistrationTest - Clicked on My Account...
10:06:34.294 [main] INFO  testCases.TC1_AccountRegistrationTest - Clicked on Register page...
10:06:34.296 [main] INFO  testCases.TC1_AccountRegistrationTest - Providing Customer Details...
10:06:35.913 [main] INFO  testCases.TC1_AccountRegistrationTest - Validating expected Message
10:06:35.963 [main] INFO  testCases.TC1_AccountRegistrationTest - ****Finished TC1_AccountRegistrationTest****
10:06:38.264 [main] INFO  testCases.TC2_LoginTest - *****Starting TC2_LoginTest ****** 
10:06:39.644 [main] INFO  testCases.TC2_LoginTest - *****Finished TC2_LoginTest ****** 
10:34:20.028 [main] INFO  org.testng.internal.Utils - [TestNG] Running:
  D:\master.xml

10:34:24.084 [main] INFO  testCases.TC1_AccountRegistrationTest - ****Starting TC1_AccountRegistrationTest****
10:34:24.227 [main] INFO  testCases.TC1_AccountRegistrationTest - Clicked on My Account...
10:34:24.710 [main] INFO  testCases.TC1_AccountRegistrationTest - Clicked on Register page...
