13:44:21.757 [main] INFO  org.testng.internal.Utils - [TestNG] Running:
  D:\testng.xml

13:44:25.223 [main] INFO  testCases.TC1_AccountRegistrationTest - ****Starting TC1_AccountRegistrationTest****
13:44:25.323 [main] INFO  testCases.TC1_AccountRegistrationTest - Clicked on My Account...
13:44:25.694 [main] INFO  testCases.TC1_AccountRegistrationTest - Clicked on Register page...
13:44:25.696 [main] INFO  testCases.TC1_AccountRegistrationTest - Providing Customer Details...
13:44:27.236 [main] INFO  testCases.TC1_AccountRegistrationTest - Validating expected Message
13:44:27.272 [main] INFO  testCases.TC1_AccountRegistrationTest - ****Finished TC1_AccountRegistrationTest****
13:45:25.193 [main] INFO  org.testng.internal.Utils - [TestNG] Running:
  D:\testng.xml

13:45:28.085 [main] INFO  testCases.TC1_AccountRegistrationTest - ****Starting TC1_AccountRegistrationTest****
13:45:28.193 [main] INFO  testCases.TC1_AccountRegistrationTest - Clicked on My Account...
13:45:28.599 [main] INFO  testCases.TC1_AccountRegistrationTest - Clicked on Register page...
13:45:28.601 [main] INFO  testCases.TC1_AccountRegistrationTest - Providing Customer Details...
13:45:30.202 [main] INFO  testCases.TC1_AccountRegistrationTest - Validating expected Message
13:45:30.237 [main] INFO  testCases.TC1_AccountRegistrationTest - ****Finished TC1_AccountRegistrationTest****
14:05:25.749 [main] INFO  org.testng.internal.Utils - [TestNG] Running:
  D:\crossbrowsertesting.xml

14:05:29.445 [main] INFO  testCases.TC1_AccountRegistrationTest - ****Starting TC1_AccountRegistrationTest****
14:05:29.568 [main] INFO  testCases.TC1_AccountRegistrationTest - Clicked on My Account...
14:05:29.946 [main] INFO  testCases.TC1_AccountRegistrationTest - Clicked on Register page...
14:05:29.965 [main] INFO  testCases.TC1_AccountRegistrationTest - Providing Customer Details...
14:05:31.555 [main] INFO  testCases.TC1_AccountRegistrationTest - Validating expected Message
14:05:31.588 [main] INFO  testCases.TC1_AccountRegistrationTest - ****Finished TC1_AccountRegistrationTest****
14:05:34.351 [main] INFO  testCases.TC1_AccountRegistrationTest - ****Starting TC1_AccountRegistrationTest****
14:05:34.434 [main] INFO  testCases.TC1_AccountRegistrationTest - Clicked on My Account...
14:05:34.861 [main] INFO  testCases.TC1_AccountRegistrationTest - Clicked on Register page...
14:05:34.862 [main] INFO  testCases.TC1_AccountRegistrationTest - Providing Customer Details...
14:05:36.440 [main] INFO  testCases.TC1_AccountRegistrationTest - Validating expected Message
14:05:36.472 [main] INFO  testCases.TC1_AccountRegistrationTest - ****Finished TC1_AccountRegistrationTest****
14:09:00.812 [main] INFO  org.testng.internal.Utils - [TestNG] Running:
  D:\crossbrowsertesting.xml

14:09:05.016 [TestNG-tests-1] INFO  testCases.TC1_AccountRegistrationTest - ****Starting TC1_AccountRegistrationTest****
14:09:05.123 [TestNG-tests-2] INFO  testCases.TC1_AccountRegistrationTest - ****Starting TC1_AccountRegistrationTest****
14:09:05.249 [TestNG-tests-1] INFO  testCases.TC1_AccountRegistrationTest - Clicked on My Account...
14:09:05.327 [TestNG-tests-2] INFO  testCases.TC1_AccountRegistrationTest - Clicked on My Account...
14:09:05.912 [TestNG-tests-2] INFO  testCases.TC1_AccountRegistrationTest - Clicked on Register page...
14:09:05.914 [TestNG-tests-2] INFO  testCases.TC1_AccountRegistrationTest - Providing Customer Details...
14:09:06.030 [TestNG-tests-1] INFO  testCases.TC1_AccountRegistrationTest - Clicked on Register page...
14:09:06.031 [TestNG-tests-1] INFO  testCases.TC1_AccountRegistrationTest - Providing Customer Details...
14:09:07.929 [TestNG-tests-3] INFO  testCases.TC1_AccountRegistrationTest - ****Starting TC1_AccountRegistrationTest****
14:09:08.154 [TestNG-tests-3] INFO  testCases.TC1_AccountRegistrationTest - Clicked on My Account...
14:09:08.725 [TestNG-tests-3] INFO  testCases.TC1_AccountRegistrationTest - Clicked on Register page...
14:09:08.730 [TestNG-tests-3] INFO  testCases.TC1_AccountRegistrationTest - Providing Customer Details...
14:09:09.998 [TestNG-tests-2] INFO  testCases.TC1_AccountRegistrationTest - Validating expected Message
14:09:10.029 [TestNG-tests-2] INFO  testCases.TC1_AccountRegistrationTest - ****Finished TC1_AccountRegistrationTest****
14:09:10.199 [TestNG-tests-1] INFO  testCases.TC1_AccountRegistrationTest - Validating expected Message
14:09:10.235 [TestNG-tests-1] INFO  testCases.TC1_AccountRegistrationTest - ****Finished TC1_AccountRegistrationTest****
14:09:10.350 [TestNG-tests-3] INFO  testCases.TC1_AccountRegistrationTest - Validating expected Message
14:09:10.376 [TestNG-tests-3] INFO  testCases.TC1_AccountRegistrationTest - ****Finished TC1_AccountRegistrationTest****
14:44:10.217 [main] INFO  org.testng.internal.Utils - [Utils] MethodGroupsHelper.collectMethodsByGroup() took 0 ms.
14:44:10.222 [main] INFO  org.testng.internal.Utils - [Utils] MethodGroupsHelper.sortMethods() took 0 ms.
