11:18:22.737 [main] INFO  testCases.TC1_AccountRegistrationTest - Clicked on My Account...
11:18:23.388 [main] INFO  testCases.TC1_AccountRegistrationTest - Clicked on Register page...
11:18:23.393 [main] INFO  testCases.TC1_AccountRegistrationTest - Providing Customer Details...
11:18:24.210 [main] INFO  testCases.TC1_AccountRegistrationTest - Validating expected Message
11:18:25.088 [main] INFO  testCases.TC1_AccountRegistrationTest - ****Finished TC1_AccountRegistrationTest****
11:19:50.617 [main] INFO  org.testng.internal.Utils - [TestNG] Running:
  D:\crossbrowsertesting.xml

11:19:50.966 [TestNG-tests-3] INFO  testCases.TC1_AccountRegistrationTest - ****Starting TC1_AccountRegistrationTest****
11:19:55.179 [TestNG-tests-1] INFO  testCases.TC1_AccountRegistrationTest - ****Starting TC1_AccountRegistrationTest****
11:19:55.183 [TestNG-tests-2] INFO  testCases.TC1_AccountRegistrationTest - ****Starting TC1_AccountRegistrationTest****
11:19:55.331 [TestNG-tests-1] INFO  testCases.TC1_AccountRegistrationTest - Clicked on My Account...
11:19:55.387 [TestNG-tests-2] INFO  testCases.TC1_AccountRegistrationTest - Clicked on My Account...
11:23:07.479 [main] INFO  org.testng.internal.Utils - [TestNG] Running:
  D:\crossbrowsertesting.xml

11:23:07.752 [TestNG-tests-3] INFO  testCases.TC1_AccountRegistrationTest - ****Starting TC1_AccountRegistrationTest****
11:23:12.227 [TestNG-tests-2] INFO  testCases.TC1_AccountRegistrationTest - ****Starting TC1_AccountRegistrationTest****
11:23:12.336 [TestNG-tests-1] INFO  testCases.TC1_AccountRegistrationTest - ****Starting TC1_AccountRegistrationTest****
11:23:12.439 [TestNG-tests-2] INFO  testCases.TC1_AccountRegistrationTest - Clicked on My Account...
11:23:12.515 [TestNG-tests-1] INFO  testCases.TC1_AccountRegistrationTest - Clicked on My Account...
11:23:13.059 [TestNG-tests-1] INFO  testCases.TC1_AccountRegistrationTest - Clicked on Register page...
11:23:13.070 [TestNG-tests-1] INFO  testCases.TC1_AccountRegistrationTest - Providing Customer Details...
11:23:13.133 [TestNG-tests-2] INFO  testCases.TC1_AccountRegistrationTest - Clicked on Register page...
11:23:13.134 [TestNG-tests-2] INFO  testCases.TC1_AccountRegistrationTest - Providing Customer Details...
11:23:15.483 [TestNG-tests-1] INFO  testCases.TC1_AccountRegistrationTest - Validating expected Message
11:23:15.519 [TestNG-tests-1] INFO  testCases.TC1_AccountRegistrationTest - ****Finished TC1_AccountRegistrationTest****
11:23:15.585 [TestNG-tests-2] INFO  testCases.TC1_AccountRegistrationTest - Validating expected Message
11:23:15.622 [TestNG-tests-2] INFO  testCases.TC1_AccountRegistrationTest - ****Finished TC1_AccountRegistrationTest****
12:17:53.377 [main] INFO  org.testng.internal.Utils - [TestNG] Running:
  D:\crossbrowsertesting.xml

12:17:57.508 [TestNG-tests-1] INFO  testCases.TC1_AccountRegistrationTest - ****Starting TC1_AccountRegistrationTest****
12:17:57.643 [TestNG-tests-1] INFO  testCases.TC1_AccountRegistrationTest - Clicked on My Account...
12:17:58.154 [TestNG-tests-1] INFO  testCases.TC1_AccountRegistrationTest - Clicked on Register page...
12:17:58.157 [TestNG-tests-1] INFO  testCases.TC1_AccountRegistrationTest - Providing Customer Details...
12:17:59.195 [TestNG-tests-2] INFO  testCases.TC1_AccountRegistrationTest - ****Starting TC1_AccountRegistrationTest****
12:17:59.469 [TestNG-tests-2] INFO  testCases.TC1_AccountRegistrationTest - Clicked on My Account...
12:18:00.195 [TestNG-tests-2] INFO  testCases.TC1_AccountRegistrationTest - Clicked on Register page...
12:18:00.196 [TestNG-tests-2] INFO  testCases.TC1_AccountRegistrationTest - Providing Customer Details...
12:18:00.512 [TestNG-tests-1] INFO  testCases.TC1_AccountRegistrationTest - Validating expected Message
12:18:00.573 [TestNG-tests-1] INFO  testCases.TC1_AccountRegistrationTest - ****Finished TC1_AccountRegistrationTest****
12:18:02.545 [TestNG-tests-2] INFO  testCases.TC1_AccountRegistrationTest - Validating expected Message
12:18:02.586 [TestNG-tests-2] INFO  testCases.TC1_AccountRegistrationTest - ****Finished TC1_AccountRegistrationTest****
12:24:50.298 [main] INFO  org.testng.internal.Utils - [TestNG] Running:
  D:\crossbrowsertesting.xml

12:24:54.588 [TestNG-tests-1] INFO  testCases.TC1_AccountRegistrationTest - ****Starting TC1_AccountRegistrationTest****
12:24:54.729 [TestNG-tests-1] INFO  testCases.TC1_AccountRegistrationTest - Clicked on My Account...
12:24:54.737 [TestNG-tests-2] INFO  testCases.TC1_AccountRegistrationTest - ****Starting TC1_AccountRegistrationTest****
12:24:55.221 [TestNG-tests-1] INFO  testCases.TC1_AccountRegistrationTest - Clicked on Register page...
12:24:55.225 [TestNG-tests-1] INFO  testCases.TC1_AccountRegistrationTest - Providing Customer Details...
12:25:01.391 [TestNG-tests-1] INFO  testCases.TC1_AccountRegistrationTest - Validating expected Message
12:25:01.435 [TestNG-tests-1] INFO  testCases.TC1_AccountRegistrationTest - ****Finished TC1_AccountRegistrationTest****
