12:27:21.728 [main] INFO  org.testng.internal.Utils - [TestNG] Running:
  D:\crossbrowsertesting.xml

12:27:25.667 [TestNG-tests-1] INFO  testCases.TC1_AccountRegistrationTest - ****Starting TC1_AccountRegistrationTest****
12:27:25.768 [TestNG-tests-2] INFO  testCases.TC1_AccountRegistrationTest - ****Starting TC1_AccountRegistrationTest****
12:27:25.866 [TestNG-tests-1] INFO  testCases.TC1_AccountRegistrationTest - Clicked on My Account...
12:27:25.901 [TestNG-tests-2] INFO  testCases.TC1_AccountRegistrationTest - Clicked on My Account...
12:27:26.427 [TestNG-tests-2] INFO  testCases.TC1_AccountRegistrationTest - Clicked on Register page...
12:27:26.431 [TestNG-tests-2] INFO  testCases.TC1_AccountRegistrationTest - Providing Customer Details...
12:27:26.489 [TestNG-tests-1] INFO  testCases.TC1_AccountRegistrationTest - Clicked on Register page...
12:27:26.490 [TestNG-tests-1] INFO  testCases.TC1_AccountRegistrationTest - Providing Customer Details...
12:27:29.354 [TestNG-tests-1] INFO  testCases.TC1_AccountRegistrationTest - Validating expected Message
12:27:29.360 [TestNG-tests-2] INFO  testCases.TC1_AccountRegistrationTest - Validating expected Message
12:27:29.396 [TestNG-tests-1] INFO  testCases.TC1_AccountRegistrationTest - ****Finished TC1_AccountRegistrationTest****
12:27:29.401 [TestNG-tests-2] INFO  testCases.TC1_AccountRegistrationTest - ****Finished TC1_AccountRegistrationTest****
12:38:13.860 [main] INFO  org.testng.internal.Utils - [TestNG] Running:
  D:\crossbrowsertesting.xml

12:38:18.212 [TestNG-tests-1] INFO  testCases.TC1_AccountRegistrationTest - ****Starting TC1_AccountRegistrationTest****
12:38:18.243 [TestNG-tests-2] INFO  testCases.TC1_AccountRegistrationTest - ****Starting TC1_AccountRegistrationTest****
12:38:18.420 [TestNG-tests-1] INFO  testCases.TC1_AccountRegistrationTest - Clicked on My Account...
12:38:18.505 [TestNG-tests-2] INFO  testCases.TC1_AccountRegistrationTest - Clicked on My Account...
12:38:18.894 [TestNG-tests-1] INFO  testCases.TC1_AccountRegistrationTest - Clicked on Register page...
12:38:18.896 [TestNG-tests-1] INFO  testCases.TC1_AccountRegistrationTest - Providing Customer Details...
12:38:18.983 [TestNG-tests-2] INFO  testCases.TC1_AccountRegistrationTest - Clicked on Register page...
12:38:18.984 [TestNG-tests-2] INFO  testCases.TC1_AccountRegistrationTest - Providing Customer Details...
12:38:20.982 [TestNG-tests-1] INFO  testCases.TC1_AccountRegistrationTest - Validating expected Message
12:38:21.019 [TestNG-tests-1] INFO  testCases.TC1_AccountRegistrationTest - ****Finished TC1_AccountRegistrationTest****
12:38:21.131 [TestNG-tests-2] INFO  testCases.TC1_AccountRegistrationTest - Validating expected Message
12:38:21.172 [TestNG-tests-2] INFO  testCases.TC1_AccountRegistrationTest - ****Finished TC1_AccountRegistrationTest****
16:03:33.483 [main] INFO  org.testng.internal.Utils - [TestNG] Running:
  D:\master.xml

16:03:40.796 [main] INFO  testCases.TC1_AccountRegistrationTest - ****Starting TC1_AccountRegistrationTest****
16:03:40.943 [main] INFO  testCases.TC1_AccountRegistrationTest - Clicked on My Account...
16:03:41.394 [main] INFO  testCases.TC1_AccountRegistrationTest - Clicked on Register page...
16:03:41.413 [main] INFO  testCases.TC1_AccountRegistrationTest - Providing Customer Details...
16:03:43.605 [main] INFO  testCases.TC1_AccountRegistrationTest - Validating expected Message
16:03:43.673 [main] INFO  testCases.TC1_AccountRegistrationTest - ****Finished TC1_AccountRegistrationTest****
16:03:46.055 [main] INFO  testCases.TC2_LoginTest - *****Starting TC2_LoginTest ****** 
16:03:47.686 [main] INFO  testCases.TC2_LoginTest - *****Finished TC2_LoginTest ****** 
16:05:01.966 [main] INFO  org.testng.internal.Utils - [TestNG] Running:
  D:\master.xml

16:07:28.951 [main] INFO  org.testng.internal.Utils - [TestNG] Running:
  D:\master.xml

16:14:03.814 [main] INFO  org.testng.internal.Utils - [TestNG] Running:
  D:\master.xml

16:15:36.622 [main] INFO  org.testng.internal.Utils - [TestNG] Running:
  D:\master.xml

16:28:29.471 [main] INFO  org.testng.internal.Utils - [TestNG] Running:
  D:\master.xml

16:28:35.791 [main] INFO  testCases.TC1_AccountRegistrationTest - ****Starting TC1_AccountRegistrationTest****
16:28:36.009 [main] INFO  testCases.TC1_AccountRegistrationTest - Clicked on My Account...
16:28:36.605 [main] INFO  testCases.TC1_AccountRegistrationTest - Clicked on Register page...
16:28:36.609 [main] INFO  testCases.TC1_AccountRegistrationTest - Providing Customer Details...
16:28:39.267 [main] INFO  testCases.TC1_AccountRegistrationTest - Validating expected Message
16:28:39.332 [main] INFO  testCases.TC1_AccountRegistrationTest - ****Finished TC1_AccountRegistrationTest****
16:31:29.417 [main] INFO  org.testng.internal.Utils - [TestNG] Running:
  D:\master.xml

16:39:40.329 [main] INFO  org.testng.internal.Utils - [TestNG] Running:
  D:\master.xml

16:39:43.309 [main] INFO  testCases.TC1_AccountRegistrationTest - ****Starting TC1_AccountRegistrationTest****
