14:48:22.056 [TestNG-tests-2] INFO  testCases.TC1_AccountRegistrationTest - Providing Customer Details...
14:48:22.282 [TestNG-tests-3] INFO  testCases.TC1_AccountRegistrationTest - ****Starting TC1_AccountRegistrationTest****
14:48:22.467 [TestNG-tests-3] INFO  testCases.TC1_AccountRegistrationTest - Clicked on My Account...
14:48:23.048 [TestNG-tests-3] INFO  testCases.TC1_AccountRegistrationTest - Clicked on Register page...
14:48:23.048 [TestNG-tests-3] INFO  testCases.TC1_AccountRegistrationTest - Providing Customer Details...
14:48:24.082 [TestNG-tests-1] INFO  testCases.TC1_AccountRegistrationTest - Validating expected Message
14:48:24.122 [TestNG-tests-1] INFO  testCases.TC1_AccountRegistrationTest - ****Finished TC1_AccountRegistrationTest****
14:48:24.327 [TestNG-tests-2] INFO  testCases.TC1_AccountRegistrationTest - Validating expected Message
14:48:24.367 [TestNG-tests-2] INFO  testCases.TC1_AccountRegistrationTest - ****Finished TC1_AccountRegistrationTest****
14:48:24.650 [TestNG-tests-3] INFO  testCases.TC1_AccountRegistrationTest - Validating expected Message
14:48:24.669 [TestNG-tests-3] INFO  testCases.TC1_AccountRegistrationTest - ****Finished TC1_AccountRegistrationTest****
16:05:19.391 [main] INFO  org.testng.internal.Utils - [TestNG] Running:
  D:\master.xml

16:05:47.778 [main] INFO  org.testng.internal.Utils - [TestNG] Running:
  D:\master.xml

16:06:39.140 [main] INFO  org.testng.internal.Utils - [TestNG] Running:
  D:\master.xml

16:08:10.416 [main] INFO  org.testng.internal.Utils - [TestNG] Running:
  D:\master.xml

16:10:45.396 [main] INFO  org.testng.internal.Utils - [TestNG] Running:
  D:\master.xml

16:10:49.658 [main] INFO  testCases.TC2_LoginTest - *****Starting TC2_LoginTest ****** 
16:19:03.549 [main] INFO  org.testng.internal.Utils - [TestNG] Running:
  D:\master.xml

16:19:06.625 [main] INFO  testCases.TC2_LoginTest - *****Starting TC2_LoginTest ****** 
16:20:27.886 [main] INFO  org.testng.internal.Utils - [TestNG] Running:
  D:\master.xml

16:20:30.672 [main] INFO  testCases.TC2_LoginTest - *****Starting TC2_LoginTest ****** 
16:21:48.152 [main] INFO  org.testng.internal.Utils - [TestNG] Running:
  D:\master.xml

16:21:51.922 [main] INFO  testCases.TC2_LoginTest - *****Starting TC2_LoginTest ****** 
16:28:55.172 [main] INFO  org.testng.internal.Utils - [TestNG] Running:
  D:\master.xml

16:28:58.029 [main] INFO  testCases.TC2_LoginTest - *****Starting TC2_LoginTest ****** 
16:28:59.493 [main] INFO  testCases.TC2_LoginTest - *****Finished TC2_LoginTest ****** 
14:57:02.627 [main] INFO  org.testng.internal.Utils - [TestNG] Running:
  D:\master.xml

14:57:08.873 [main] INFO  testCases.TC3_LoginDDTest - *****Starting TC3_loginDDTest****** 
14:57:10.962 [main] INFO  testCases.TC3_LoginDDTest - *****Finished TC3_loginDDTest****** 
14:57:10.968 [main] INFO  testCases.TC3_LoginDDTest - *****Starting TC3_loginDDTest****** 
14:57:12.672 [main] INFO  testCases.TC3_LoginDDTest - *****Starting TC3_loginDDTest****** 
14:57:14.310 [main] INFO  testCases.TC3_LoginDDTest - *****Starting TC3_loginDDTest****** 
14:57:25.467 [main] INFO  testCases.TC3_LoginDDTest - *****Finished TC3_loginDDTest****** 
14:57:25.479 [main] INFO  testCases.TC3_LoginDDTest - *****Starting TC3_loginDDTest****** 
14:57:27.128 [main] INFO  testCases.TC3_LoginDDTest - *****Finished TC3_loginDDTest****** 
14:57:27.135 [main] INFO  testCases.TC3_LoginDDTest - *****Starting TC3_loginDDTest****** 
14:57:28.793 [main] INFO  testCases.TC3_LoginDDTest - *****Finished TC3_loginDDTest****** 
15:02:58.715 [main] INFO  org.testng.internal.Utils - [TestNG] Running:
  D:\master.xml

15:03:03.455 [main] INFO  testCases.TC3_LoginDDTest - *****Starting TC3_loginDDTest****** 
15:03:05.747 [main] INFO  testCases.TC3_LoginDDTest - *****Finished TC3_loginDDTest****** 
15:03:05.756 [main] INFO  testCases.TC3_LoginDDTest - *****Starting TC3_loginDDTest****** 
15:03:07.624 [main] INFO  testCases.TC3_LoginDDTest - *****Finished TC3_loginDDTest****** 
15:03:07.631 [main] INFO  testCases.TC3_LoginDDTest - *****Starting TC3_loginDDTest****** 
15:03:09.391 [main] INFO  testCases.TC3_LoginDDTest - *****Starting TC3_loginDDTest****** 
15:03:19.917 [main] INFO  testCases.TC3_LoginDDTest - *****Finished TC3_loginDDTest****** 
15:03:19.928 [main] INFO  testCases.TC3_LoginDDTest - *****Starting TC3_loginDDTest****** 
15:03:21.725 [main] INFO  testCases.TC3_LoginDDTest - *****Finished TC3_loginDDTest****** 
15:03:21.728 [main] INFO  testCases.TC3_LoginDDTest - *****Starting TC3_loginDDTest****** 
15:03:23.416 [main] INFO  testCases.TC3_LoginDDTest - *****Finished TC3_loginDDTest****** 
15:22:56.432 [main] INFO  org.testng.internal.Utils - [TestNG] Running:
  D:\master.xml

15:23:01.154 [main] INFO  testCases.TC3_LoginDDTest - *****Starting TC3_loginDDTest****** 
15:23:03.440 [main] INFO  testCases.TC3_LoginDDTest - *****Finished TC3_loginDDTest****** 
15:23:03.447 [main] INFO  testCases.TC3_LoginDDTest - *****Starting TC3_loginDDTest****** 
