16:39:43.498 [main] INFO  testCases.TC1_AccountRegistrationTest - Clicked on My Account...
16:39:43.998 [main] INFO  testCases.TC1_AccountRegistrationTest - Clicked on Register page...
16:39:44.000 [main] INFO  testCases.TC1_AccountRegistrationTest - Providing Customer Details...
16:39:46.704 [main] INFO  testCases.TC1_AccountRegistrationTest - Validating expected Message
16:39:46.812 [main] INFO  testCases.TC1_AccountRegistrationTest - ****Finished TC1_AccountRegistrationTest****
16:39:48.379 [main] INFO  testCases.TC2_LoginTest - *****Starting TC2_LoginTest ****** 
16:39:50.186 [main] INFO  testCases.TC2_LoginTest - *****Finished TC2_LoginTest ****** 
16:41:05.409 [main] INFO  org.testng.internal.Utils - [TestNG] Running:
  D:\master.xml

16:41:13.005 [main] INFO  testCases.TC1_AccountRegistrationTest - ****Starting TC1_AccountRegistrationTest****
16:41:13.163 [main] INFO  testCases.TC1_AccountRegistrationTest - Clicked on My Account...
16:41:13.688 [main] INFO  testCases.TC1_AccountRegistrationTest - Clicked on Register page...
16:41:13.690 [main] INFO  testCases.TC1_AccountRegistrationTest - Providing Customer Details...
16:41:15.416 [main] INFO  testCases.TC1_AccountRegistrationTest - Validating expected Message
16:41:15.472 [main] INFO  testCases.TC1_AccountRegistrationTest - ****Finished TC1_AccountRegistrationTest****
16:41:21.066 [main] INFO  testCases.TC2_LoginTest - *****Starting TC2_LoginTest ****** 
16:41:22.559 [main] INFO  testCases.TC2_LoginTest - *****Finished TC2_LoginTest ****** 
16:45:36.639 [main] INFO  org.testng.internal.Utils - [TestNG] Running:
  D:\crossbrowsertesting.xml

16:45:39.941 [TestNG-tests-1] INFO  testCases.TC1_AccountRegistrationTest - ****Starting TC1_AccountRegistrationTest****
16:45:40.224 [TestNG-tests-1] INFO  testCases.TC1_AccountRegistrationTest - Clicked on My Account...
16:45:40.943 [TestNG-tests-1] INFO  testCases.TC1_AccountRegistrationTest - Clicked on Register page...
16:45:40.944 [TestNG-tests-1] INFO  testCases.TC1_AccountRegistrationTest - Providing Customer Details...
16:45:43.149 [TestNG-tests-3] INFO  testCases.TC1_AccountRegistrationTest - ****Starting TC1_AccountRegistrationTest****
16:45:43.353 [TestNG-tests-3] INFO  testCases.TC1_AccountRegistrationTest - Clicked on My Account...
16:45:43.985 [TestNG-tests-3] INFO  testCases.TC1_AccountRegistrationTest - Clicked on Register page...
16:45:43.986 [TestNG-tests-3] INFO  testCases.TC1_AccountRegistrationTest - Providing Customer Details...
16:45:44.311 [TestNG-tests-1] INFO  testCases.TC1_AccountRegistrationTest - Validating expected Message
16:45:44.531 [TestNG-tests-1] INFO  testCases.TC1_AccountRegistrationTest - ****Finished TC1_AccountRegistrationTest****
16:45:45.964 [TestNG-tests-3] INFO  testCases.TC1_AccountRegistrationTest - Validating expected Message
16:45:46.019 [TestNG-tests-3] INFO  testCases.TC1_AccountRegistrationTest - ****Finished TC1_AccountRegistrationTest****
17:24:37.133 [main] INFO  org.testng.internal.Utils - [TestNG] Running:
  D:\crossbrowsertesting.xml

17:24:41.713 [TestNG-tests-1] INFO  testCases.TC1_AccountRegistrationTest - ****Starting TC1_AccountRegistrationTest****
17:24:41.918 [TestNG-tests-1] INFO  testCases.TC1_AccountRegistrationTest - Clicked on My Account...
17:24:42.253 [TestNG-tests-1] INFO  testCases.TC1_AccountRegistrationTest - Clicked on Register page...
17:24:42.255 [TestNG-tests-1] INFO  testCases.TC1_AccountRegistrationTest - Providing Customer Details...
17:24:44.701 [TestNG-tests-3] INFO  testCases.TC1_AccountRegistrationTest - ****Starting TC1_AccountRegistrationTest****
17:24:44.920 [TestNG-tests-3] INFO  testCases.TC1_AccountRegistrationTest - Clicked on My Account...
17:24:45.572 [TestNG-tests-3] INFO  testCases.TC1_AccountRegistrationTest - Clicked on Register page...
17:24:45.572 [TestNG-tests-3] INFO  testCases.TC1_AccountRegistrationTest - Providing Customer Details...
17:24:46.174 [TestNG-tests-1] INFO  testCases.TC1_AccountRegistrationTest - Validating expected Message
17:24:46.292 [TestNG-tests-1] INFO  testCases.TC1_AccountRegistrationTest - ****Finished TC1_AccountRegistrationTest****
17:24:47.624 [TestNG-tests-3] INFO  testCases.TC1_AccountRegistrationTest - Validating expected Message
17:24:47.759 [TestNG-tests-3] INFO  testCases.TC1_AccountRegistrationTest - ****Finished TC1_AccountRegistrationTest****
10:27:41.092 [main] INFO  testCases.TC1_AccountRegistrationTest - ****Starting TC1_AccountRegistrationTest****
10:27:41.306 [main] INFO  testCases.TC1_AccountRegistrationTest - Clicked on My Account...
10:27:41.732 [main] INFO  testCases.TC1_AccountRegistrationTest - Clicked on Register page...
10:27:41.752 [main] INFO  testCases.TC1_AccountRegistrationTest - Providing Customer Details...
10:27:43.671 [main] INFO  testCases.TC1_AccountRegistrationTest - Validating expected Message
10:27:43.711 [main] INFO  testCases.TC1_AccountRegistrationTest - ****Finished TC1_AccountRegistrationTest****
